2014/08/04 23:09:48 [error] [exception.CHttpException.404] exception 'CHttpException' with message 'Системе не удалось найти запрашиваемое действие "prueba".' in Z:\home\yii15\framework\web\CController.php:483
Stack trace:
#0 Z:\home\yii15\framework\web\CController.php(270): CController->missingAction('prueba')
#1 Z:\home\yii15\framework\web\CWebApplication.php(282): CController->run('prueba')
#2 Z:\home\yii15\framework\web\CWebApplication.php(141): CWebApplication->runController('site/prueba')
#3 Z:\home\yii15\framework\base\CApplication.php(180): CWebApplication->processRequest()
#4 Z:\home\localhost\www\tutorial_yii\index.php(13): CApplication->run()
#5 {main}
REQUEST_URI=/tutorial_yii/index.php?r=site/prueba
---
2014/08/09 22:46:46 [error] [exception.CException] exception 'CException' with message 'Не определено свойство "SiteController.breadcrums".' in Z:\home\yii15\framework\base\CComponent.php:173
Stack trace:
#0 Z:\home\localhost\www\tutorial_yii\protected\views\site\pages\articulo-1.php(16): CComponent->__set('breadcrums', Array)
#1 Z:\home\yii15\framework\web\CBaseController.php(126): require('Z:\home\localho...')
#2 Z:\home\yii15\framework\web\CBaseController.php(95): CBaseController->renderInternal('Z:\home\localho...', NULL, true)
#3 Z:\home\yii15\framework\web\CController.php(869): CBaseController->renderFile('Z:\home\localho...', NULL, true)
#4 Z:\home\yii15\framework\web\CController.php(782): CController->renderPartial('pages/articulo-...', NULL, true)
#5 Z:\home\yii15\framework\web\actions\CViewAction.php(140): CController->render('pages/articulo-...')
#6 Z:\home\yii15\framework\web\actions\CAction.php(76): CViewAction->run()
#7 Z:\home\yii15\framework\web\CController.php(308): CAction->runWithParams(Array)
#8 Z:\home\yii15\framework\web\CController.php(286): CController->runAction(Object(CViewAction))
#9 Z:\home\yii15\framework\web\CController.php(265): CController->runActionWithFilters(Object(CViewAction), Array)
#10 Z:\home\yii15\framework\web\CWebApplication.php(282): CController->run('page')
#11 Z:\home\yii15\framework\web\CWebApplication.php(141): CWebApplication->runController('site/page')
#12 Z:\home\yii15\framework\base\CApplication.php(180): CWebApplication->processRequest()
#13 Z:\home\localhost\www\tutorial_yii\index.php(13): CApplication->run()
#14 {main}
REQUEST_URI=/tutorial_yii/index.php?r=site/page&view=articulo-1
HTTP_REFERER=http://localhost/tutorial_yii/index.php?r=site/prueba
---
2014/08/18 21:31:58 [error] [exception.CHttpException.404] exception 'CHttpException' with message 'Системе не удалось найти запрашиваемое действие "registro".' in Z:\home\yii15\framework\web\CController.php:483
Stack trace:
#0 Z:\home\yii15\framework\web\CController.php(270): CController->missingAction('registro')
#1 Z:\home\yii15\framework\web\CWebApplication.php(282): CController->run('registro')
#2 Z:\home\yii15\framework\web\CWebApplication.php(141): CWebApplication->runController('site/registro')
#3 Z:\home\yii15\framework\base\CApplication.php(180): CWebApplication->processRequest()
#4 Z:\home\localhost\www\tutorial_yii\index.php(13): CApplication->run()
#5 {main}
REQUEST_URI=/tutorial_yii/index.php?r=site/registro
---
2014/08/18 22:33:39 [error] [php] include(ValidateRegistro.php) [<a href='function.include'>function.include</a>]: failed to open stream: No such file or directory (Z:\home\yii15\framework\YiiBase.php:427)
Stack trace:
#0 Z:\home\localhost\www\tutorial_yii\protected\controllers\SiteController.php(119): spl_autoload_call()
#1 Z:\home\yii15\framework\web\actions\CInlineAction.php(49): SiteController->actionRegistro()
#2 Z:\home\yii15\framework\web\CController.php(308): CInlineAction->runWithParams()
#3 Z:\home\yii15\framework\web\CController.php(286): SiteController->runAction()
#4 Z:\home\yii15\framework\web\CController.php(265): SiteController->runActionWithFilters()
#5 Z:\home\yii15\framework\web\CWebApplication.php(282): SiteController->run()
#6 Z:\home\yii15\framework\web\CWebApplication.php(141): CWebApplication->runController()
#7 Z:\home\yii15\framework\base\CApplication.php(180): CWebApplication->processRequest()
#8 Z:\home\localhost\www\tutorial_yii\index.php(13): CWebApplication->run()
REQUEST_URI=/tutorial_yii/index.php?r=site/registro
in Z:\home\localhost\www\tutorial_yii\protected\controllers\SiteController.php (119)
in Z:\home\localhost\www\tutorial_yii\index.php (13)
2014/08/18 22:37:26 [error] [php] include(ValidateRegistro.php) [<a href='function.include'>function.include</a>]: failed to open stream: No such file or directory (Z:\home\yii15\framework\YiiBase.php:427)
Stack trace:
#0 Z:\home\localhost\www\tutorial_yii\protected\controllers\SiteController.php(119): spl_autoload_call()
#1 Z:\home\yii15\framework\web\actions\CInlineAction.php(49): SiteController->actionRegistro()
#2 Z:\home\yii15\framework\web\CController.php(308): CInlineAction->runWithParams()
#3 Z:\home\yii15\framework\web\CController.php(286): SiteController->runAction()
#4 Z:\home\yii15\framework\web\CController.php(265): SiteController->runActionWithFilters()
#5 Z:\home\yii15\framework\web\CWebApplication.php(282): SiteController->run()
#6 Z:\home\yii15\framework\web\CWebApplication.php(141): CWebApplication->runController()
#7 Z:\home\yii15\framework\base\CApplication.php(180): CWebApplication->processRequest()
#8 Z:\home\localhost\www\tutorial_yii\index.php(13): CWebApplication->run()
REQUEST_URI=/tutorial_yii/index.php?r=site/registro
in Z:\home\localhost\www\tutorial_yii\protected\controllers\SiteController.php (119)
in Z:\home\localhost\www\tutorial_yii\index.php (13)
2014/08/18 22:38:37 [error] [exception.CException] exception 'CException' with message 'Не определено свойство "CStringValidator.toolShort".' in Z:\home\yii15\framework\base\CComponent.php:173
Stack trace:
#0 Z:\home\yii15\framework\validators\CValidator.php(189): CComponent->__set('toolShort', 50)
#1 Z:\home\yii15\framework\base\CModel.php(287): CValidator::createValidator('length', Object(ValidarRegistro), 'nombre', Array)
#2 Z:\home\yii15\framework\base\CModel.php(260): CModel->createValidators()
#3 Z:\home\yii15\framework\base\CModel.php(304): CModel->getValidators('nombre')
#4 Z:\home\yii15\framework\web\helpers\CHtml.php(1414): CModel->isAttributeRequired('nombre')
#5 Z:\home\yii15\framework\web\widgets\CActiveForm.php(597): CHtml::activeLabelEx(Object(ValidarRegistro), 'nombre', Array)
#6 Z:\home\localhost\www\tutorial_yii\protected\views\site\registro.php(18): CActiveForm->labelEx(Object(ValidarRegistro), 'nombre')
#7 Z:\home\yii15\framework\web\CBaseController.php(126): require('Z:\home\localho...')
#8 Z:\home\yii15\framework\web\CBaseController.php(95): CBaseController->renderInternal('Z:\home\localho...', Array, true)
#9 Z:\home\yii15\framework\web\CController.php(869): CBaseController->renderFile('Z:\home\localho...', Array, true)
#10 Z:\home\yii15\framework\web\CController.php(782): CController->renderPartial('registro', Array, true)
#11 Z:\home\localhost\www\tutorial_yii\protected\controllers\SiteController.php(127): CController->render('registro', Array)
#12 Z:\home\yii15\framework\web\actions\CInlineAction.php(49): SiteController->actionRegistro()
#13 Z:\home\yii15\framework\web\CController.php(308): CInlineAction->runWithParams(Array)
#14 Z:\home\yii15\framework\web\CController.php(286): CController->runAction(Object(CInlineAction))
#15 Z:\home\yii15\framework\web\CController.php(265): CController->runActionWithFilters(Object(CInlineAction), Array)
#16 Z:\home\yii15\framework\web\CWebApplication.php(282): CController->run('registro')
#17 Z:\home\yii15\framework\web\CWebApplication.php(141): CWebApplication->runController('site/registro')
#18 Z:\home\yii15\framework\base\CApplication.php(180): CWebApplication->processRequest()
#19 Z:\home\localhost\www\tutorial_yii\index.php(13): CApplication->run()
#20 {main}
REQUEST_URI=/tutorial_yii/index.php?r=site/registro
---
2014/08/21 21:32:24 [error] [php] Object of class CCaptcha could not be converted to string (Z:\home\localhost\www\tutorial_yii\protected\views\site\registro.php:79)
Stack trace:
#0 Z:\home\yii15\framework\web\CController.php(869): SiteController->renderFile()
#1 Z:\home\yii15\framework\web\CController.php(782): SiteController->renderPartial()
#2 Z:\home\localhost\www\tutorial_yii\protected\controllers\SiteController.php(134): SiteController->render()
#3 Z:\home\yii15\framework\web\actions\CInlineAction.php(49): SiteController->actionRegistro()
#4 Z:\home\yii15\framework\web\CController.php(308): CInlineAction->runWithParams()
#5 Z:\home\yii15\framework\web\CController.php(286): SiteController->runAction()
#6 Z:\home\yii15\framework\web\CController.php(265): SiteController->runActionWithFilters()
#7 Z:\home\yii15\framework\web\CWebApplication.php(282): SiteController->run()
#8 Z:\home\yii15\framework\web\CWebApplication.php(141): CWebApplication->runController()
#9 Z:\home\yii15\framework\base\CApplication.php(180): CWebApplication->processRequest()
#10 Z:\home\localhost\www\tutorial_yii\index.php(13): CWebApplication->run()
REQUEST_URI=/tutorial_yii/index.php?r=site/registro
in Z:\home\localhost\www\tutorial_yii\protected\views\site\registro.php (79)
in Z:\home\localhost\www\tutorial_yii\protected\controllers\SiteController.php (134)
in Z:\home\localhost\www\tutorial_yii\index.php (13)
2014/08/21 21:34:08 [error] [exception.CException] exception 'CException' with message 'Не определено свойство "ValidarRegistro.verifyCode".' in Z:\home\yii15\framework\base\CComponent.php:130
Stack trace:
#0 Z:\home\yii15\framework\web\helpers\CHtml.php(2529): CComponent->__get('verifyCode')
#1 Z:\home\yii15\framework\web\helpers\CHtml.php(2252): CHtml::resolveValue(Object(ValidarRegistro), 'verifyCode')
#2 Z:\home\yii15\framework\web\helpers\CHtml.php(1434): CHtml::activeInputField('text', Object(ValidarRegistro), 'verifyCode', Array)
#3 Z:\home\localhost\www\tutorial_yii\protected\views\site\registro.php(80): CHtml::activeTextField(Object(ValidarRegistro), 'verifyCode')
#4 Z:\home\yii15\framework\web\CBaseController.php(126): require('Z:\home\localho...')
#5 Z:\home\yii15\framework\web\CBaseController.php(95): CBaseController->renderInternal('Z:\home\localho...', Array, true)
#6 Z:\home\yii15\framework\web\CController.php(869): CBaseController->renderFile('Z:\home\localho...', Array, true)
#7 Z:\home\yii15\framework\web\CController.php(782): CController->renderPartial('registro', Array, true)
#8 Z:\home\localhost\www\tutorial_yii\protected\controllers\SiteController.php(134): CController->render('registro', Array)
#9 Z:\home\yii15\framework\web\actions\CInlineAction.php(49): SiteController->actionRegistro()
#10 Z:\home\yii15\framework\web\CController.php(308): CInlineAction->runWithParams(Array)
#11 Z:\home\yii15\framework\web\CController.php(286): CController->runAction(Object(CInlineAction))
#12 Z:\home\yii15\framework\web\CController.php(265): CController->runActionWithFilters(Object(CInlineAction), Array)
#13 Z:\home\yii15\framework\web\CWebApplication.php(282): CController->run('registro')
#14 Z:\home\yii15\framework\web\CWebApplication.php(141): CWebApplication->runController('site/registro')
#15 Z:\home\yii15\framework\base\CApplication.php(180): CWebApplication->processRequest()
#16 Z:\home\localhost\www\tutorial_yii\index.php(13): CApplication->run()
#17 {main}
REQUEST_URI=/tutorial_yii/index.php?r=site/registro
---
2014/08/22 20:39:15 [error] [php] include(CosultasDB.php) [<a href='function.include'>function.include</a>]: failed to open stream: No such file or directory (Z:\home\yii15\framework\YiiBase.php:427)
Stack trace:
#0 Z:\home\localhost\www\tutorial_yii\protected\controllers\SiteController.php(133): spl_autoload_call()
#1 Z:\home\yii15\framework\web\actions\CInlineAction.php(49): SiteController->actionRegistro()
#2 Z:\home\yii15\framework\web\CController.php(308): CInlineAction->runWithParams()
#3 Z:\home\yii15\framework\web\CController.php(286): SiteController->runAction()
#4 Z:\home\yii15\framework\web\CController.php(265): SiteController->runActionWithFilters()
#5 Z:\home\yii15\framework\web\CWebApplication.php(282): SiteController->run()
#6 Z:\home\yii15\framework\web\CWebApplication.php(141): CWebApplication->runController()
#7 Z:\home\yii15\framework\base\CApplication.php(180): CWebApplication->processRequest()
#8 Z:\home\localhost\www\tutorial_yii\index.php(13): CWebApplication->run()
REQUEST_URI=/tutorial_yii/index.php?r=site/registro
in Z:\home\localhost\www\tutorial_yii\protected\controllers\SiteController.php (133)
in Z:\home\localhost\www\tutorial_yii\index.php (13)
2014/08/22 20:40:23 [error] [php] include(CosultasDB.php) [<a href='function.include'>function.include</a>]: failed to open stream: No such file or directory (Z:\home\yii15\framework\YiiBase.php:427)
Stack trace:
#0 Z:\home\localhost\www\tutorial_yii\protected\controllers\SiteController.php(133): spl_autoload_call()
#1 Z:\home\yii15\framework\web\actions\CInlineAction.php(49): SiteController->actionRegistro()
#2 Z:\home\yii15\framework\web\CController.php(308): CInlineAction->runWithParams()
#3 Z:\home\yii15\framework\web\CController.php(286): SiteController->runAction()
#4 Z:\home\yii15\framework\web\CController.php(265): SiteController->runActionWithFilters()
#5 Z:\home\yii15\framework\web\CWebApplication.php(282): SiteController->run()
#6 Z:\home\yii15\framework\web\CWebApplication.php(141): CWebApplication->runController()
#7 Z:\home\yii15\framework\base\CApplication.php(180): CWebApplication->processRequest()
#8 Z:\home\localhost\www\tutorial_yii\index.php(13): CWebApplication->run()
REQUEST_URI=/tutorial_yii/index.php?r=site/registro
in Z:\home\localhost\www\tutorial_yii\protected\controllers\SiteController.php (133)
in Z:\home\localhost\www\tutorial_yii\index.php (13)
2014/08/22 20:41:04 [error] [exception.CException] exception 'CException' with message 'Не определено свойство "ValidarRegistro.".' in Z:\home\yii15\framework\base\CComponent.php:130
Stack trace:
#0 Z:\home\localhost\www\tutorial_yii\protected\controllers\SiteController.php(135): CComponent->__get('')
#1 Z:\home\yii15\framework\web\actions\CInlineAction.php(49): SiteController->actionRegistro()
#2 Z:\home\yii15\framework\web\CController.php(308): CInlineAction->runWithParams(Array)
#3 Z:\home\yii15\framework\web\CController.php(286): CController->runAction(Object(CInlineAction))
#4 Z:\home\yii15\framework\web\CController.php(265): CController->runActionWithFilters(Object(CInlineAction), Array)
#5 Z:\home\yii15\framework\web\CWebApplication.php(282): CController->run('registro')
#6 Z:\home\yii15\framework\web\CWebApplication.php(141): CWebApplication->runController('site/registro')
#7 Z:\home\yii15\framework\base\CApplication.php(180): CWebApplication->processRequest()
#8 Z:\home\localhost\www\tutorial_yii\index.php(13): CApplication->run()
#9 {main}
REQUEST_URI=/tutorial_yii/index.php?r=site/registro
HTTP_REFERER=http://localhost/tutorial_yii/index.php?r=site/registro
---
